<?xml version="1.0" encoding="UTF-8"?>
<testng-results ignored="0" total="1" passed="1" failed="0" skipped="0">
  <reporter-output>
  </reporter-output>
  <suite started-at="2025-05-20T20:00:58 IST" name="Default suite" finished-at="2025-05-20T20:01:06 IST" duration-ms="7342">
    <groups>
    </groups>
    <test started-at="2025-05-20T20:00:58 IST" name="Default test" finished-at="2025-05-20T20:01:06 IST" duration-ms="7342">
      <class name="day5.paginatonTabel">
        <test-method signature="mass()[pri:0, instance:day5.paginatonTabel@49438269]" started-at="2025-05-20T20:00:58 IST" name="mass" finished-at="2025-05-20T20:01:06 IST" duration-ms="7310" status="PASS">
          <reporter-output>
          </reporter-output>
        </test-method> <!-- mass -->
      </class> <!-- day5.paginatonTabel -->
    </test> <!-- Default test -->
  </suite> <!-- Default suite -->
</testng-results>
